2018-08-07 09:33:10,482 [INFO] Joker-Log {login_page.py line:99}  ->>>>> 登录成功，跳转到操作页面
2018-08-07 09:33:12,449 [INFO] Joker-Log {login_page.py line:148}  ->>>>> 正在新增备忘事件
2018-08-07 09:33:37,598 [INFO] Joker-Log {login_page.py line:169}  ->>>>> 退出系统
2018-08-07 09:33:51,919 [INFO] Joker-Log {login_page.py line:99}  ->>>>> 登录成功，跳转到操作页面
2018-08-07 09:33:54,769 [INFO] Joker-Log {login_page.py line:148}  ->>>>> 正在新增备忘事件
2018-08-07 09:34:39,220 [INFO] Joker-Log {login_page.py line:169}  ->>>>> 退出系统
2018-08-07 09:34:41,428 [INFO] Joker-Log {login_page.py line:151}  ->>>>> 查询备忘事件
2018-08-07 09:34:47,597 [INFO] Joker-Log {login_page.py line:169}  ->>>>> 退出系统
2018-08-07 09:35:59,925 [INFO] Joker-Log {login_page.py line:169}  ->>>>> 退出系统
2018-08-07 09:36:10,267 [INFO] Joker-Log {login_page.py line:99}  ->>>>> 登录成功，跳转到操作页面
2018-08-07 09:36:14,985 [WARNING] Joker-Log {login_page.py line:157}  ->>>>> 修改备忘事件
2018-08-07 09:36:52,197 [INFO] Joker-Log {login_page.py line:169}  ->>>>> 退出系统
2018-08-07 09:36:54,188 [INFO] Joker-Log {login_page.py line:151}  ->>>>> 查询备忘事件
2018-08-07 09:37:19,805 [INFO] Joker-Log {login_page.py line:169}  ->>>>> 退出系统
2018-08-07 11:02:13,757 [INFO] Joker-Log {login_page.py line:99}  ->>>>> 登录成功，跳转到操作页面
2018-08-07 11:04:24,040 [INFO] Joker-Log {login_page.py line:169}  ->>>>> 退出系统
2018-08-07 11:04:34,095 [INFO] Joker-Log {login_page.py line:148}  ->>>>> 正在新增备忘事件
2018-08-07 11:05:04,500 [INFO] Joker-Log {login_page.py line:169}  ->>>>> 退出系统
2018-08-07 11:08:07,372 [INFO] Joker-Log {login_page.py line:169}  ->>>>> 退出系统
2018-08-07 11:08:16,795 [INFO] Joker-Log {login_page.py line:99}  ->>>>> 登录成功，跳转到操作页面
2018-08-07 11:08:21,522 [ERROR] Joker-Log {login_page.py line:163}  ->>>>> [Errno 13] Permission denied: 'd:\\Documents and Settings\\yanchunwei\\桌面\\0302api-yanchunwei\\0302api-yanchunwei\\joker_demo\\download\\joker-watemark.pdf'
2018-08-07 11:08:29,442 [INFO] Joker-Log {login_page.py line:169}  ->>>>> 退出系统
2018-08-07 11:09:26,929 [INFO] Joker-Log {login_page.py line:169}  ->>>>> 退出系统
2018-08-07 11:09:40,618 [INFO] Joker-Log {login_page.py line:99}  ->>>>> 登录成功，跳转到操作页面
2018-08-07 11:10:15,669 [INFO] Joker-Log {login_page.py line:169}  ->>>>> 退出系统
2018-08-07 11:38:41,777 [INFO] Joker-Log {login_page.py line:99}  ->>>>> 登录成功，跳转到操作页面
2018-08-07 11:39:13,549 [INFO] Joker-Log {login_page.py line:169}  ->>>>> 退出系统
2018-08-07 11:39:14,537 [INFO] Joker-Log {login_page.py line:151}  ->>>>> 查询备忘事件
2018-08-07 11:40:03,046 [INFO] Joker-Log {login_page.py line:169}  ->>>>> 退出系统
2018-08-07 11:44:58,031 [INFO] Joker-Log {login_page.py line:169}  ->>>>> 退出系统
2018-08-07 11:52:05,296 [INFO] Joker-Log {login_page.py line:99}  ->>>>> 登录成功，跳转到操作页面
2018-08-07 11:52:27,200 [INFO] Joker-Log {login_page.py line:169}  ->>>>> 退出系统
2018-08-07 11:52:28,405 [INFO] Joker-Log {login_page.py line:148}  ->>>>> 正在新增备忘事件
2018-08-07 11:54:12,403 [INFO] Joker-Log {login_page.py line:169}  ->>>>> 退出系统
2018-08-07 11:54:14,341 [INFO] Joker-Log {login_page.py line:151}  ->>>>> 查询备忘事件
2018-08-07 11:54:20,553 [INFO] Joker-Log {login_page.py line:169}  ->>>>> 退出系统
2018-08-07 11:55:21,049 [INFO] Joker-Log {login_page.py line:169}  ->>>>> 退出系统
2018-08-07 11:55:44,429 [INFO] Joker-Log {login_page.py line:99}  ->>>>> 登录成功，跳转到操作页面
2018-08-07 11:55:48,597 [WARNING] Joker-Log {login_page.py line:154}  ->>>>> 删除备忘事件
2018-08-07 11:55:57,450 [INFO] Joker-Log {login_page.py line:169}  ->>>>> 退出系统
2018-08-07 11:55:58,560 [INFO] Joker-Log {login_page.py line:151}  ->>>>> 查询备忘事件
2018-08-07 11:56:01,418 [INFO] Joker-Log {login_page.py line:169}  ->>>>> 退出系统
2018-08-07 11:56:05,246 [INFO] Joker-Log {login_page.py line:148}  ->>>>> 正在新增备忘事件
2018-08-07 11:57:17,739 [INFO] Joker-Log {login_page.py line:169}  ->>>>> 退出系统
2018-08-07 11:57:56,525 [INFO] Joker-Log {login_page.py line:169}  ->>>>> 退出系统
2018-08-07 11:57:59,453 [WARNING] Joker-Log {login_page.py line:154}  ->>>>> 删除备忘事件
2018-08-07 11:58:05,081 [INFO] Joker-Log {login_page.py line:169}  ->>>>> 退出系统
2018-08-07 11:58:07,629 [INFO] Joker-Log {login_page.py line:148}  ->>>>> 正在新增备忘事件
2018-08-07 11:58:32,866 [INFO] Joker-Log {login_page.py line:169}  ->>>>> 退出系统
2018-08-07 11:58:51,385 [INFO] Joker-Log {login_page.py line:169}  ->>>>> 退出系统
2018-08-07 11:58:54,307 [WARNING] Joker-Log {login_page.py line:154}  ->>>>> 删除备忘事件
2018-08-07 11:59:00,817 [INFO] Joker-Log {login_page.py line:169}  ->>>>> 退出系统
2018-08-07 11:59:02,133 [INFO] Joker-Log {login_page.py line:148}  ->>>>> 正在新增备忘事件
2018-08-07 11:59:46,246 [INFO] Joker-Log {login_page.py line:169}  ->>>>> 退出系统
2018-08-07 12:00:43,093 [INFO] Joker-Log {login_page.py line:169}  ->>>>> 退出系统
2018-08-07 12:04:38,626 [WARNING] Joker-Log {login_page.py line:104}  ->>>>> 您输入的用户名不存在
2018-08-07 12:04:59,148 [INFO] Joker-Log {login_page.py line:99}  ->>>>> 登录成功，跳转到操作页面
2018-08-07 12:05:00,582 [INFO] Joker-Log {login_page.py line:151}  ->>>>> 查询备忘事件
2018-08-07 12:05:34,100 [INFO] Joker-Log {login_page.py line:169}  ->>>>> 退出系统
2018-08-07 12:05:43,261 [INFO] Joker-Log {login_page.py line:99}  ->>>>> 登录成功，跳转到操作页面
2018-08-07 12:05:45,025 [INFO] Joker-Log {login_page.py line:151}  ->>>>> 查询备忘事件
2018-08-07 12:06:14,474 [INFO] Joker-Log {login_page.py line:169}  ->>>>> 退出系统
2018-08-07 12:06:32,307 [INFO] Joker-Log {login_page.py line:99}  ->>>>> 登录成功，跳转到操作页面
2018-08-07 12:06:37,579 [INFO] Joker-Log {login_page.py line:148}  ->>>>> 正在新增备忘事件
2018-08-07 12:06:47,607 [INFO] Joker-Log {login_page.py line:169}  ->>>>> 退出系统
2018-08-07 12:06:49,228 [INFO] Joker-Log {login_page.py line:148}  ->>>>> 正在新增备忘事件
2018-08-07 12:07:17,616 [INFO] Joker-Log {login_page.py line:169}  ->>>>> 退出系统
2018-08-07 12:07:18,559 [INFO] Joker-Log {login_page.py line:151}  ->>>>> 查询备忘事件
2018-08-07 12:07:23,493 [INFO] Joker-Log {login_page.py line:169}  ->>>>> 退出系统
