2018-07-23 00:22:24,781 [INFO] Joker-Log {login_page.py line:99}  ->>>>> 登录成功，跳转到操作页面
2018-07-23 00:22:26,080 [INFO] Joker-Log {login_page.py line:148}  ->>>>> 正在新增备忘事件
2018-07-23 00:24:51,950 [INFO] Joker-Log {login_page.py line:169}  ->>>>> 退出系统
2018-07-23 00:24:58,740 [INFO] Joker-Log {login_page.py line:99}  ->>>>> 登录成功，跳转到操作页面
2018-07-23 00:24:59,967 [INFO] Joker-Log {login_page.py line:148}  ->>>>> 正在新增备忘事件
2018-07-23 00:30:55,872 [INFO] Joker-Log {login_page.py line:169}  ->>>>> 退出系统
2018-07-23 00:31:49,512 [INFO] Joker-Log {login_page.py line:99}  ->>>>> 登录成功，跳转到操作页面
2018-07-23 00:31:50,793 [INFO] Joker-Log {login_page.py line:151}  ->>>>> 查询备忘事件
2018-07-23 00:31:50,794 [ERROR] Joker-Log {login_page.py line:163}  ->>>>> invalid literal for int() with base 10: ''
2018-07-23 00:33:40,785 [INFO] Joker-Log {login_page.py line:169}  ->>>>> 退出系统
2018-07-23 00:33:43,375 [WARNING] Joker-Log {login_page.py line:154}  ->>>>> 删除备忘事件
2018-07-23 00:33:43,377 [ERROR] Joker-Log {login_page.py line:163}  ->>>>> invalid literal for int() with base 10: ''
2018-07-23 00:33:57,759 [INFO] Joker-Log {login_page.py line:169}  ->>>>> 退出系统
2018-07-23 00:34:03,311 [WARNING] Joker-Log {login_page.py line:154}  ->>>>> 删除备忘事件
2018-07-23 00:34:03,312 [ERROR] Joker-Log {login_page.py line:163}  ->>>>> invalid literal for int() with base 10: ''
2018-07-23 00:39:45,628 [INFO] Joker-Log {login_page.py line:169}  ->>>>> 退出系统
2018-07-23 00:39:52,675 [INFO] Joker-Log {login_page.py line:99}  ->>>>> 登录成功，跳转到操作页面
2018-07-23 00:39:54,226 [INFO] Joker-Log {login_page.py line:151}  ->>>>> 查询备忘事件
2018-07-23 00:40:00,325 [INFO] Joker-Log {login_page.py line:169}  ->>>>> 退出系统
2018-07-23 00:40:02,845 [INFO] Joker-Log {login_page.py line:151}  ->>>>> 查询备忘事件
2018-07-23 00:40:09,650 [INFO] Joker-Log {login_page.py line:169}  ->>>>> 退出系统
2018-07-23 00:40:11,229 [WARNING] Joker-Log {login_page.py line:154}  ->>>>> 删除备忘事件
2018-07-23 00:40:18,724 [INFO] Joker-Log {login_page.py line:169}  ->>>>> 退出系统
2018-07-23 00:40:21,457 [INFO] Joker-Log {login_page.py line:148}  ->>>>> 正在新增备忘事件
2018-07-23 00:41:07,281 [INFO] Joker-Log {login_page.py line:169}  ->>>>> 退出系统
2018-07-23 00:41:08,503 [INFO] Joker-Log {login_page.py line:151}  ->>>>> 查询备忘事件
2018-07-23 00:41:13,897 [INFO] Joker-Log {login_page.py line:169}  ->>>>> 退出系统
2018-07-23 00:41:15,212 [INFO] Joker-Log {login_page.py line:148}  ->>>>> 正在新增备忘事件
2018-07-23 00:42:31,051 [INFO] Joker-Log {login_page.py line:169}  ->>>>> 退出系统
2018-07-23 00:42:32,272 [INFO] Joker-Log {login_page.py line:151}  ->>>>> 查询备忘事件
2018-07-23 00:43:11,960 [INFO] Joker-Log {login_page.py line:169}  ->>>>> 退出系统
2018-07-23 00:43:40,404 [INFO] Joker-Log {login_page.py line:99}  ->>>>> 登录成功，跳转到操作页面
2018-07-23 00:43:42,124 [INFO] Joker-Log {login_page.py line:151}  ->>>>> 查询备忘事件
2018-07-23 00:43:45,943 [INFO] Joker-Log {login_page.py line:169}  ->>>>> 退出系统
2018-07-23 00:43:48,422 [INFO] Joker-Log {login_page.py line:148}  ->>>>> 正在新增备忘事件
2018-07-23 00:44:05,044 [INFO] Joker-Log {login_page.py line:169}  ->>>>> 退出系统
2018-07-23 00:44:07,139 [INFO] Joker-Log {login_page.py line:151}  ->>>>> 查询备忘事件
2018-07-23 00:44:11,598 [INFO] Joker-Log {login_page.py line:169}  ->>>>> 退出系统
2018-07-23 00:44:12,785 [INFO] Joker-Log {login_page.py line:148}  ->>>>> 正在新增备忘事件
2018-07-23 00:44:24,804 [INFO] Joker-Log {login_page.py line:99}  ->>>>> 登录成功，跳转到操作页面
2018-07-23 00:44:26,514 [INFO] Joker-Log {login_page.py line:151}  ->>>>> 查询备忘事件
2018-07-23 00:44:30,075 [INFO] Joker-Log {login_page.py line:169}  ->>>>> 退出系统
2018-07-23 00:44:34,740 [INFO] Joker-Log {login_page.py line:148}  ->>>>> 正在新增备忘事件
2018-07-23 00:45:23,833 [INFO] Joker-Log {login_page.py line:169}  ->>>>> 退出系统
2018-07-23 00:45:24,872 [INFO] Joker-Log {login_page.py line:148}  ->>>>> 正在新增备忘事件
2018-07-23 00:45:48,767 [INFO] Joker-Log {login_page.py line:169}  ->>>>> 退出系统
2018-07-23 00:45:50,398 [INFO] Joker-Log {login_page.py line:151}  ->>>>> 查询备忘事件
2018-07-23 00:45:56,208 [INFO] Joker-Log {login_page.py line:169}  ->>>>> 退出系统
2018-07-23 00:46:02,752 [INFO] Joker-Log {login_page.py line:148}  ->>>>> 正在新增备忘事件
2018-07-23 00:46:44,504 [INFO] Joker-Log {login_page.py line:169}  ->>>>> 退出系统
2018-07-23 00:46:46,960 [INFO] Joker-Log {login_page.py line:151}  ->>>>> 查询备忘事件
2018-07-23 00:47:14,105 [INFO] Joker-Log {login_page.py line:169}  ->>>>> 退出系统
2018-07-23 00:47:16,257 [INFO] Joker-Log {login_page.py line:148}  ->>>>> 正在新增备忘事件
2018-07-23 00:48:11,266 [INFO] Joker-Log {login_page.py line:169}  ->>>>> 退出系统
2018-07-23 00:48:12,404 [INFO] Joker-Log {login_page.py line:151}  ->>>>> 查询备忘事件
2018-07-23 00:48:24,758 [INFO] Joker-Log {login_page.py line:169}  ->>>>> 退出系统
2018-07-23 00:48:26,304 [INFO] Joker-Log {login_page.py line:148}  ->>>>> 正在新增备忘事件
2018-07-23 00:49:10,832 [INFO] Joker-Log {login_page.py line:169}  ->>>>> 退出系统
2018-07-23 00:49:12,225 [INFO] Joker-Log {login_page.py line:148}  ->>>>> 正在新增备忘事件
2018-07-23 00:49:36,310 [INFO] Joker-Log {login_page.py line:169}  ->>>>> 退出系统
2018-07-23 00:49:38,958 [INFO] Joker-Log {login_page.py line:148}  ->>>>> 正在新增备忘事件
2018-07-23 00:49:50,014 [INFO] Joker-Log {login_page.py line:169}  ->>>>> 退出系统
2018-07-23 00:49:51,767 [INFO] Joker-Log {login_page.py line:148}  ->>>>> 正在新增备忘事件
2018-07-23 00:50:13,136 [INFO] Joker-Log {login_page.py line:169}  ->>>>> 退出系统
2018-07-23 00:50:14,299 [INFO] Joker-Log {login_page.py line:148}  ->>>>> 正在新增备忘事件
2018-07-23 00:50:37,672 [INFO] Joker-Log {login_page.py line:169}  ->>>>> 退出系统
2018-07-23 00:50:38,661 [INFO] Joker-Log {login_page.py line:151}  ->>>>> 查询备忘事件
2018-07-23 00:51:06,289 [INFO] Joker-Log {login_page.py line:169}  ->>>>> 退出系统
2018-07-23 00:51:07,328 [INFO] Joker-Log {login_page.py line:148}  ->>>>> 正在新增备忘事件
2018-07-23 00:51:38,547 [INFO] Joker-Log {login_page.py line:169}  ->>>>> 退出系统
2018-07-23 00:51:39,056 [INFO] Joker-Log {login_page.py line:151}  ->>>>> 查询备忘事件
2018-07-23 00:52:00,336 [INFO] Joker-Log {login_page.py line:169}  ->>>>> 退出系统
2018-07-23 01:55:50,174 [INFO] Joker-Log {login_page.py line:99}  ->>>>> 登录成功，跳转到操作页面
2018-07-23 01:55:51,597 [INFO] Joker-Log {login_page.py line:148}  ->>>>> 正在新增备忘事件
2018-07-23 01:55:59,213 [ERROR] Joker-Log {login_page.py line:163}  ->>>>> local variable 'time' referenced before assignment
2018-07-23 02:04:35,508 [INFO] Joker-Log {login_page.py line:169}  ->>>>> 退出系统
2018-07-23 02:04:45,169 [INFO] Joker-Log {login_page.py line:99}  ->>>>> 登录成功，跳转到操作页面
2018-07-23 02:04:46,426 [INFO] Joker-Log {login_page.py line:148}  ->>>>> 正在新增备忘事件
2018-07-23 02:05:27,738 [INFO] Joker-Log {login_page.py line:169}  ->>>>> 退出系统
2018-07-23 02:05:31,384 [INFO] Joker-Log {login_page.py line:151}  ->>>>> 查询备忘事件
2018-07-23 02:05:34,616 [INFO] Joker-Log {login_page.py line:169}  ->>>>> 退出系统
2018-07-23 02:08:18,545 [INFO] Joker-Log {login_page.py line:169}  ->>>>> 退出系统
2018-07-23 02:08:24,953 [INFO] Joker-Log {login_page.py line:99}  ->>>>> 登录成功，跳转到操作页面
2018-07-23 02:08:30,143 [INFO] Joker-Log {login_page.py line:148}  ->>>>> 正在新增备忘事件
2018-07-23 02:09:41,937 [INFO] Joker-Log {login_page.py line:169}  ->>>>> 退出系统
2018-07-23 02:09:43,706 [ERROR] Joker-Log {login_page.py line:163}  ->>>>> [Errno 13] Permission denied: 'c:\\Users\\yanchunwei\\Desktop\\0301office-yanchunwei\\0301office-yanchunwei\\joker_demo\\download\\joker.pdf'
2018-07-23 02:09:57,885 [INFO] Joker-Log {login_page.py line:169}  ->>>>> 退出系统
