2018-06-08 13:56:47,015 [WARNING] Joker-Log {login_page.py line:103}  ->>>>> 您输入的用户名不存在
2018-06-08 13:56:49,270 [INFO] Joker-Log {login_page.py line:106}  ->>>>> 注册新用户
2018-06-08 13:56:56,974 [INFO] Joker-Log {login_page.py line:111}  ->>>>> 重新跳转到登录页面
2018-06-08 13:58:18,898 [WARNING] Joker-Log {login_page.py line:103}  ->>>>> 您输入的用户名不存在
2018-06-08 13:58:21,511 [INFO] Joker-Log {login_page.py line:106}  ->>>>> 注册新用户
2018-06-08 13:58:31,290 [INFO] Joker-Log {login_page.py line:111}  ->>>>> 重新跳转到登录页面
2018-06-08 13:58:39,809 [INFO] Joker-Log {login_page.py line:98}  ->>>>> 登录成功，跳转到操作页面
2018-06-08 13:58:40,677 [INFO] Joker-Log {login_page.py line:150}  ->>>>> 查询备忘事件
2018-06-08 13:58:46,069 [INFO] Joker-Log {login_page.py line:168}  ->>>>> 退出系统
2018-06-08 13:59:01,184 [INFO] Joker-Log {login_page.py line:98}  ->>>>> 登录成功，跳转到操作页面
2018-06-08 13:59:07,476 [INFO] Joker-Log {login_page.py line:147}  ->>>>> 正在新增备忘事件
2018-06-08 13:59:51,998 [INFO] Joker-Log {login_page.py line:168}  ->>>>> 退出系统
2018-06-08 13:59:55,386 [INFO] Joker-Log {login_page.py line:150}  ->>>>> 查询备忘事件
2018-06-08 14:08:13,233 [INFO] Joker-Log {login_page.py line:168}  ->>>>> 退出系统
2018-06-08 14:08:20,255 [INFO] Joker-Log {login_page.py line:98}  ->>>>> 登录成功，跳转到操作页面
2018-06-08 14:08:25,703 [INFO] Joker-Log {login_page.py line:150}  ->>>>> 查询备忘事件
2018-06-08 14:08:32,685 [INFO] Joker-Log {login_page.py line:168}  ->>>>> 退出系统
2018-06-08 14:08:34,004 [INFO] Joker-Log {login_page.py line:147}  ->>>>> 正在新增备忘事件
2018-06-08 14:08:46,535 [INFO] Joker-Log {login_page.py line:168}  ->>>>> 退出系统
2018-06-08 14:08:48,258 [INFO] Joker-Log {login_page.py line:147}  ->>>>> 正在新增备忘事件
2018-06-08 14:09:10,289 [INFO] Joker-Log {login_page.py line:168}  ->>>>> 退出系统
2018-06-08 14:09:11,993 [INFO] Joker-Log {login_page.py line:150}  ->>>>> 查询备忘事件
2018-06-08 14:09:24,857 [INFO] Joker-Log {login_page.py line:168}  ->>>>> 退出系统
2018-06-08 14:09:28,010 [INFO] Joker-Log {login_page.py line:147}  ->>>>> 正在新增备忘事件
2018-06-08 14:10:02,703 [INFO] Joker-Log {login_page.py line:168}  ->>>>> 退出系统
2018-06-08 14:10:05,485 [INFO] Joker-Log {login_page.py line:150}  ->>>>> 查询备忘事件
2018-06-08 14:10:11,434 [INFO] Joker-Log {login_page.py line:168}  ->>>>> 退出系统
2018-06-08 14:13:33,840 [INFO] Joker-Log {login_page.py line:168}  ->>>>> 退出系统
2018-06-08 14:13:38,972 [INFO] Joker-Log {login_page.py line:98}  ->>>>> 登录成功，跳转到操作页面
2018-06-08 14:13:40,433 [INFO] Joker-Log {login_page.py line:147}  ->>>>> 正在新增备忘事件
2018-06-08 14:14:31,606 [INFO] Joker-Log {login_page.py line:168}  ->>>>> 退出系统
2018-06-08 14:14:32,957 [INFO] Joker-Log {login_page.py line:150}  ->>>>> 查询备忘事件
2018-06-08 14:18:24,830 [INFO] Joker-Log {login_page.py line:168}  ->>>>> 退出系统
2018-06-08 14:18:27,288 [INFO] Joker-Log {login_page.py line:150}  ->>>>> 查询备忘事件
2018-06-08 14:18:29,435 [INFO] Joker-Log {login_page.py line:168}  ->>>>> 退出系统
2018-06-08 14:18:30,692 [WARNING] Joker-Log {login_page.py line:153}  ->>>>> 删除备忘事件
2018-06-08 14:18:48,297 [INFO] Joker-Log {login_page.py line:168}  ->>>>> 退出系统
2018-06-08 14:18:49,220 [INFO] Joker-Log {login_page.py line:150}  ->>>>> 查询备忘事件
2018-06-08 14:18:58,181 [INFO] Joker-Log {login_page.py line:168}  ->>>>> 退出系统
2018-06-08 14:19:00,016 [WARNING] Joker-Log {login_page.py line:156}  ->>>>> 修改备忘事件
2018-06-08 14:19:06,148 [INFO] Joker-Log {login_page.py line:168}  ->>>>> 退出系统
2018-06-08 14:19:09,420 [WARNING] Joker-Log {login_page.py line:156}  ->>>>> 修改备忘事件
2018-06-08 14:19:20,416 [INFO] Joker-Log {login_page.py line:168}  ->>>>> 退出系统
2018-06-08 14:19:23,037 [WARNING] Joker-Log {login_page.py line:156}  ->>>>> 修改备忘事件
2018-06-08 14:24:12,007 [INFO] Joker-Log {login_page.py line:98}  ->>>>> 登录成功，跳转到操作页面
2018-06-08 14:24:14,703 [WARNING] Joker-Log {login_page.py line:156}  ->>>>> 修改备忘事件
2018-06-08 14:25:34,340 [INFO] Joker-Log {login_page.py line:168}  ->>>>> 退出系统
2018-06-08 14:25:36,990 [INFO] Joker-Log {login_page.py line:150}  ->>>>> 查询备忘事件
2018-06-08 14:25:47,727 [INFO] Joker-Log {login_page.py line:168}  ->>>>> 退出系统
